# JRE version: Java(TM) SE Runtime Environment (8.0_60-b27) (build 1.8.0_60-b27)
# Java VM: Java HotSpot(TM) 64-Bit Server VM (25.60-b23 mixed mode windows-amd64 compressed oops)
Heap:
 PSYoungGen      total 169984K, used 155442K [0x00000000d5e00000, 0x00000000e3680000, 0x0000000100000000)
  eden space 158720K, 97% used [0x00000000d5e00000,0x00000000df5ccb48,0x00000000df900000)
  from space 11264K, 0% used [0x00000000e0680000,0x00000000e0680000,0x00000000e1180000)
  to   space 13824K, 0% used [0x00000000df900000,0x00000000df900000,0x00000000e0680000)
 ParOldGen       total 100864K, used 23541K [0x0000000081a00000, 0x0000000087c80000, 0x00000000d5e00000)
  object space 100864K, 23% used [0x0000000081a00000,0x00000000830fd528,0x0000000087c80000)
 Metaspace       used 43358K, capacity 43926K, committed 44200K, reserved 1087488K
  class space    used 5388K, capacity 5538K, committed 5544K, reserved 1048576K
GC Heap History (10 events):
Event: 2.071 GC heap before
{Heap before GC invocations=6 (full 1):
 PSYoungGen      total 71680K, used 5113K [0x00000000d5e00000, 0x00000000df400000, 0x0000000100000000)
  eden space 66560K, 0% used [0x00000000d5e00000,0x00000000d5e00000,0x00000000d9f00000)
  from space 5120K, 99% used [0x00000000d9f00000,0x00000000da3fe430,0x00000000da400000)
  to   space 10240K, 0% used [0x00000000dea00000,0x00000000dea00000,0x00000000df400000)
 ParOldGen       total 87552K, used 17159K [0x0000000081a00000, 0x0000000086f80000, 0x00000000d5e00000)
  object space 87552K, 19% used [0x0000000081a00000,0x0000000082ac1ff8,0x0000000086f80000)
 Metaspace       used 20959K, capacity 21180K, committed 21296K, reserved 1069056K
  class space    used 2612K, capacity 2655K, committed 2688K, reserved 1048576K
Event: 2.118 GC heap after
Heap after GC invocations=6 (full 1):
 PSYoungGen      total 71680K, used 0K [0x00000000d5e00000, 0x00000000df400000, 0x0000000100000000)
  eden space 66560K, 0% used [0x00000000d5e00000,0x00000000d5e00000,0x00000000d9f00000)
  from space 5120K, 0% used [0x00000000d9f00000,0x00000000d9f00000,0x00000000da400000)
  to   space 10240K, 0% used [0x00000000dea00000,0x00000000dea00000,0x00000000df400000)
 ParOldGen       total 63488K, used 12312K [0x0000000081a00000, 0x0000000085800000, 0x00000000d5e00000)
  object space 63488K, 19% used [0x0000000081a00000,0x0000000082606098,0x0000000085800000)
 Metaspace       used 20959K, capacity 21180K, committed 21296K, reserved 1069056K
  class space    used 2612K, capacity 2655K, committed 2688K, reserved 1048576K
}
Event: 3.022 GC heap before
{Heap before GC invocations=7 (full 1):
 PSYoungGen      total 71680K, used 66531K [0x00000000d5e00000, 0x00000000df400000, 0x0000000100000000)
  eden space 66560K, 99% used [0x00000000d5e00000,0x00000000d9ef8e90,0x00000000d9f00000)
  from space 5120K, 0% used [0x00000000d9f00000,0x00000000d9f00000,0x00000000da400000)
  to   space 10240K, 0% used [0x00000000dea00000,0x00000000dea00000,0x00000000df400000)
 ParOldGen       total 63488K, used 12312K [0x0000000081a00000, 0x0000000085800000, 0x00000000d5e00000)
  object space 63488K, 19% used [0x0000000081a00000,0x0000000082606098,0x0000000085800000)
 Metaspace       used 26124K, capacity 26400K, committed 26752K, reserved 1073152K
  class space    used 3298K, capacity 3365K, committed 3456K, reserved 1048576K
Event: 3.028 GC heap after
Heap after GC invocations=7 (full 1):
 PSYoungGen      total 111104K, used 6134K [0x00000000d5e00000, 0x00000000df000000, 0x0000000100000000)
  eden space 104960K, 0% used [0x00000000d5e00000,0x00000000d5e00000,0x00000000dc480000)
  from space 6144K, 99% used [0x00000000dea00000,0x00000000deffd8d0,0x00000000df000000)
  to   space 10752K, 0% used [0x00000000ddb00000,0x00000000ddb00000,0x00000000de580000)
 ParOldGen       total 63488K, used 12320K [0x0000000081a00000, 0x0000000085800000, 0x00000000d5e00000)
  object space 63488K, 19% used [0x0000000081a00000,0x0000000082608098,0x0000000085800000)
 Metaspace       used 26124K, capacity 26400K, committed 26752K, reserved 1073152K
  class space    used 3298K, capacity 3365K, committed 3456K, reserved 1048576K
}
Event: 3.792 GC heap before
{Heap before GC invocations=8 (full 1):
 PSYoungGen      total 111104K, used 111094K [0x00000000d5e00000, 0x00000000df000000, 0x0000000100000000)
  eden space 104960K, 100% used [0x00000000d5e00000,0x00000000dc480000,0x00000000dc480000)
  from space 6144K, 99% used [0x00000000dea00000,0x00000000deffd8d0,0x00000000df000000)
  to   space 10752K, 0% used [0x00000000ddb00000,0x00000000ddb00000,0x00000000de580000)
 ParOldGen       total 63488K, used 12320K [0x0000000081a00000, 0x0000000085800000, 0x00000000d5e00000)
  object space 63488K, 19% used [0x0000000081a00000,0x0000000082608098,0x0000000085800000)
 Metaspace       used 30333K, capacity 30648K, committed 30976K, reserved 1077248K
  class space    used 3762K, capacity 3817K, committed 3840K, reserved 1048576K
Event: 3.801 GC heap after
Heap after GC invocations=8 (full 1):
 PSYoungGen      total 138752K, used 9593K [0x00000000d5e00000, 0x00000000e1180000, 0x0000000100000000)
  eden space 128000K, 0% used [0x00000000d5e00000,0x00000000d5e00000,0x00000000ddb00000)
  from space 10752K, 89% used [0x00000000ddb00000,0x00000000de45e6b8,0x00000000de580000)
  to   space 11264K, 0% used [0x00000000e0680000,0x00000000e0680000,0x00000000e1180000)
 ParOldGen       total 63488K, used 12320K [0x0000000081a00000, 0x0000000085800000, 0x00000000d5e00000)
  object space 63488K, 19% used [0x0000000081a00000,0x0000000082608098,0x0000000085800000)
 Metaspace       used 30333K, capacity 30648K, committed 30976K, reserved 1077248K
  class space    used 3762K, capacity 3817K, committed 3840K, reserved 1048576K
}
Event: 5.015 GC heap before
{Heap before GC invocations=9 (full 1):
 PSYoungGen      total 138752K, used 104406K [0x00000000d5e00000, 0x00000000e1180000, 0x0000000100000000)
  eden space 128000K, 74% used [0x00000000d5e00000,0x00000000dba97418,0x00000000ddb00000)
  from space 10752K, 89% used [0x00000000ddb00000,0x00000000de45e6b8,0x00000000de580000)
  to   space 11264K, 0% used [0x00000000e0680000,0x00000000e0680000,0x00000000e1180000)
 ParOldGen       total 63488K, used 12320K [0x0000000081a00000, 0x0000000085800000, 0x00000000d5e00000)
  object space 63488K, 19% used [0x0000000081a00000,0x0000000082608098,0x0000000085800000)
 Metaspace       used 35035K, capacity 35378K, committed 35496K, reserved 1081344K
  class space    used 4410K, capacity 4514K, committed 4520K, reserved 1048576K
Event: 5.037 GC heap after
Heap after GC invocations=9 (full 1):
 PSYoungGen      total 169984K, used 11236K [0x00000000d5e00000, 0x00000000e3680000, 0x0000000100000000)
  eden space 158720K, 0% used [0x00000000d5e00000,0x00000000d5e00000,0x00000000df900000)
  from space 11264K, 99% used [0x00000000e0680000,0x00000000e1179050,0x00000000e1180000)
  to   space 13824K, 0% used [0x00000000df900000,0x00000000df900000,0x00000000e0680000)
 ParOldGen       total 63488K, used 15913K [0x0000000081a00000, 0x0000000085800000, 0x00000000d5e00000)
  object space 63488K, 25% used [0x0000000081a00000,0x000000008298a4e0,0x0000000085800000)
 Metaspace       used 35035K, capacity 35378K, committed 35496K, reserved 1081344K
  class space    used 4410K, capacity 4514K, committed 4520K, reserved 1048576K
}
Event: 5.038 GC heap before
{Heap before GC invocations=10 (full 2):
 PSYoungGen      total 169984K, used 11236K [0x00000000d5e00000, 0x00000000e3680000, 0x0000000100000000)
  eden space 158720K, 0% used [0x00000000d5e00000,0x00000000d5e00000,0x00000000df900000)
  from space 11264K, 99% used [0x00000000e0680000,0x00000000e1179050,0x00000000e1180000)
  to   space 13824K, 0% used [0x00000000df900000,0x00000000df900000,0x00000000e0680000)
 ParOldGen       total 63488K, used 15913K [0x0000000081a00000, 0x0000000085800000, 0x00000000d5e00000)
  object space 63488K, 25% used [0x0000000081a00000,0x000000008298a4e0,0x0000000085800000)
 Metaspace       used 35035K, capacity 35378K, committed 35496K, reserved 1081344K
  class space    used 4410K, capacity 4514K, committed 4520K, reserved 1048576K
Event: 5.139 GC heap after
Heap after GC invocations=10 (full 2):
 PSYoungGen      total 169984K, used 0K [0x00000000d5e00000, 0x00000000e3680000, 0x0000000100000000)
  eden space 158720K, 0% used [0x00000000d5e00000,0x00000000d5e00000,0x00000000df900000)
  from space 11264K, 0% used [0x00000000e0680000,0x00000000e0680000,0x00000000e1180000)
  to   space 13824K, 0% used [0x00000000df900000,0x00000000df900000,0x00000000e0680000)
 ParOldGen       total 100864K, used 23541K [0x0000000081a00000, 0x0000000087c80000, 0x00000000d5e00000)
  object space 100864K, 23% used [0x0000000081a00000,0x00000000830fd528,0x0000000087c80000)
 Metaspace       used 35035K, capacity 35378K, committed 35496K, reserved 1081344K
  class space    used 4410K, capacity 4514K, committed 4520K, reserved 1048576K
}

