# JRE version: Java(TM) SE Runtime Environment (8.0_60-b27) (build 1.8.0_60-b27)
# Java VM: Java HotSpot(TM) 64-Bit Server VM (25.60-b23 mixed mode windows-amd64 compressed oops)
Heap:
 PSYoungGen      total 146944K, used 50534K [0x000000076ad80000, 0x0000000777580000, 0x00000007c0000000)
  eden space 131072K, 28% used [0x000000076ad80000,0x000000076d25e178,0x0000000772d80000)
  from space 15872K, 80% used [0x0000000772d80000,0x00000007739fb898,0x0000000773d00000)
  to   space 16384K, 0% used [0x0000000776580000,0x0000000776580000,0x0000000777580000)
 ParOldGen       total 190464K, used 22380K [0x00000006c0800000, 0x00000006cc200000, 0x000000076ad80000)
  object space 190464K, 11% used [0x00000006c0800000,0x00000006c1ddb118,0x00000006cc200000)
 Metaspace       used 43543K, capacity 44114K, committed 44416K, reserved 1087488K
  class space    used 5334K, capacity 5454K, committed 5504K, reserved 1048576K
GC Heap History (10 events):
Event: 2.012 GC heap before
{Heap before GC invocations=5 (full 1):
 PSYoungGen      total 76288K, used 65536K [0x000000076ad80000, 0x0000000774280000, 0x00000007c0000000)
  eden space 65536K, 100% used [0x000000076ad80000,0x000000076ed80000,0x000000076ed80000)
  from space 10752K, 0% used [0x000000076ed80000,0x000000076ed80000,0x000000076f800000)
  to   space 10752K, 0% used [0x0000000773800000,0x0000000773800000,0x0000000774280000)
 ParOldGen       total 115712K, used 11682K [0x00000006c0800000, 0x00000006c7900000, 0x000000076ad80000)
  object space 115712K, 10% used [0x00000006c0800000,0x00000006c1368a00,0x00000006c7900000)
 Metaspace       used 25004K, capacity 25228K, committed 25472K, reserved 1071104K
  class space    used 3098K, capacity 3143K, committed 3200K, reserved 1048576K
Event: 2.017 GC heap after
Heap after GC invocations=5 (full 1):
 PSYoungGen      total 99328K, used 6026K [0x000000076ad80000, 0x0000000773e00000, 0x00000007c0000000)
  eden space 93184K, 0% used [0x000000076ad80000,0x000000076ad80000,0x0000000770880000)
  from space 6144K, 98% used [0x0000000773800000,0x0000000773de29b0,0x0000000773e00000)
  to   space 10752K, 0% used [0x0000000772900000,0x0000000772900000,0x0000000773380000)
 ParOldGen       total 115712K, used 11690K [0x00000006c0800000, 0x00000006c7900000, 0x000000076ad80000)
  object space 115712K, 10% used [0x00000006c0800000,0x00000006c136aa00,0x00000006c7900000)
 Metaspace       used 25004K, capacity 25228K, committed 25472K, reserved 1071104K
  class space    used 3098K, capacity 3143K, committed 3200K, reserved 1048576K
}
Event: 2.754 GC heap before
{Heap before GC invocations=6 (full 1):
 PSYoungGen      total 99328K, used 99210K [0x000000076ad80000, 0x0000000773e00000, 0x00000007c0000000)
  eden space 93184K, 100% used [0x000000076ad80000,0x0000000770880000,0x0000000770880000)
  from space 6144K, 98% used [0x0000000773800000,0x0000000773de29b0,0x0000000773e00000)
  to   space 10752K, 0% used [0x0000000772900000,0x0000000772900000,0x0000000773380000)
 ParOldGen       total 115712K, used 11690K [0x00000006c0800000, 0x00000006c7900000, 0x000000076ad80000)
  object space 115712K, 10% used [0x00000006c0800000,0x00000006c136aa00,0x00000006c7900000)
 Metaspace       used 30708K, capacity 30986K, committed 31232K, reserved 1077248K
  class space    used 3768K, capacity 3820K, committed 3840K, reserved 1048576K
Event: 2.765 GC heap after
Heap after GC invocations=6 (full 1):
 PSYoungGen      total 137216K, used 10105K [0x000000076ad80000, 0x0000000774b80000, 0x00000007c0000000)
  eden space 126464K, 0% used [0x000000076ad80000,0x000000076ad80000,0x0000000772900000)
  from space 10752K, 93% used [0x0000000772900000,0x00000007732de408,0x0000000773380000)
  to   space 14848K, 0% used [0x0000000773d00000,0x0000000773d00000,0x0000000774b80000)
 ParOldGen       total 115712K, used 11698K [0x00000006c0800000, 0x00000006c7900000, 0x000000076ad80000)
  object space 115712K, 10% used [0x00000006c0800000,0x00000006c136ca00,0x00000006c7900000)
 Metaspace       used 30708K, capacity 30986K, committed 31232K, reserved 1077248K
  class space    used 3768K, capacity 3820K, committed 3840K, reserved 1048576K
}
Event: 3.523 GC heap before
{Heap before GC invocations=7 (full 1):
 PSYoungGen      total 137216K, used 87370K [0x000000076ad80000, 0x0000000774b80000, 0x00000007c0000000)
  eden space 126464K, 61% used [0x000000076ad80000,0x000000076f8f4540,0x0000000772900000)
  from space 10752K, 93% used [0x0000000772900000,0x00000007732de408,0x0000000773380000)
  to   space 14848K, 0% used [0x0000000773d00000,0x0000000773d00000,0x0000000774b80000)
 ParOldGen       total 115712K, used 11698K [0x00000006c0800000, 0x00000006c7900000, 0x000000076ad80000)
  object space 115712K, 10% used [0x00000006c0800000,0x00000006c136ca00,0x00000006c7900000)
 Metaspace       used 34912K, capacity 35240K, committed 35456K, reserved 1081344K
  class space    used 4348K, capacity 4447K, committed 4480K, reserved 1048576K
Event: 3.533 GC heap after
Heap after GC invocations=7 (full 1):
 PSYoungGen      total 145920K, used 14016K [0x000000076ad80000, 0x0000000777a00000, 0x00000007c0000000)
  eden space 131072K, 0% used [0x000000076ad80000,0x000000076ad80000,0x0000000772d80000)
  from space 14848K, 94% used [0x0000000773d00000,0x0000000774ab0260,0x0000000774b80000)
  to   space 15872K, 0% used [0x0000000772d80000,0x0000000772d80000,0x0000000773d00000)
 ParOldGen       total 115712K, used 11706K [0x00000006c0800000, 0x00000006c7900000, 0x000000076ad80000)
  object space 115712K, 10% used [0x00000006c0800000,0x00000006c136ea00,0x00000006c7900000)
 Metaspace       used 34912K, capacity 35240K, committed 35456K, reserved 1081344K
  class space    used 4348K, capacity 4447K, committed 4480K, reserved 1048576K
}
Event: 3.533 GC heap before
{Heap before GC invocations=8 (full 2):
 PSYoungGen      total 145920K, used 14016K [0x000000076ad80000, 0x0000000777a00000, 0x00000007c0000000)
  eden space 131072K, 0% used [0x000000076ad80000,0x000000076ad80000,0x0000000772d80000)
  from space 14848K, 94% used [0x0000000773d00000,0x0000000774ab0260,0x0000000774b80000)
  to   space 15872K, 0% used [0x0000000772d80000,0x0000000772d80000,0x0000000773d00000)
 ParOldGen       total 115712K, used 11706K [0x00000006c0800000, 0x00000006c7900000, 0x000000076ad80000)
  object space 115712K, 10% used [0x00000006c0800000,0x00000006c136ea00,0x00000006c7900000)
 Metaspace       used 34912K, capacity 35240K, committed 35456K, reserved 1081344K
  class space    used 4348K, capacity 4447K, committed 4480K, reserved 1048576K
Event: 3.592 GC heap after
Heap after GC invocations=8 (full 2):
 PSYoungGen      total 145920K, used 0K [0x000000076ad80000, 0x0000000777a00000, 0x00000007c0000000)
  eden space 131072K, 0% used [0x000000076ad80000,0x000000076ad80000,0x0000000772d80000)
  from space 14848K, 0% used [0x0000000773d00000,0x0000000773d00000,0x0000000774b80000)
  to   space 15872K, 0% used [0x0000000772d80000,0x0000000772d80000,0x0000000773d00000)
 ParOldGen       total 190464K, used 22372K [0x00000006c0800000, 0x00000006cc200000, 0x000000076ad80000)
  object space 190464K, 11% used [0x00000006c0800000,0x00000006c1dd9118,0x00000006cc200000)
 Metaspace       used 34912K, capacity 35240K, committed 35456K, reserved 1081344K
  class space    used 4348K, capacity 4447K, committed 4480K, reserved 1048576K
}
Event: 8.752 GC heap before
{Heap before GC invocations=9 (full 2):
 PSYoungGen      total 145920K, used 131072K [0x000000076ad80000, 0x0000000777a00000, 0x00000007c0000000)
  eden space 131072K, 100% used [0x000000076ad80000,0x0000000772d80000,0x0000000772d80000)
  from space 14848K, 0% used [0x0000000773d00000,0x0000000773d00000,0x0000000774b80000)
  to   space 15872K, 0% used [0x0000000772d80000,0x0000000772d80000,0x0000000773d00000)
 ParOldGen       total 190464K, used 22372K [0x00000006c0800000, 0x00000006cc200000, 0x000000076ad80000)
  object space 190464K, 11% used [0x00000006c0800000,0x00000006c1dd9118,0x00000006cc200000)
 Metaspace       used 42256K, capacity 42738K, committed 43008K, reserved 1087488K
  class space    used 5212K, capacity 5326K, committed 5376K, reserved 1048576K
Event: 8.759 GC heap after
Heap after GC invocations=9 (full 2):
 PSYoungGen      total 146944K, used 12782K [0x000000076ad80000, 0x0000000777580000, 0x00000007c0000000)
  eden space 131072K, 0% used [0x000000076ad80000,0x000000076ad80000,0x0000000772d80000)
  from space 15872K, 80% used [0x0000000772d80000,0x00000007739fb898,0x0000000773d00000)
  to   space 16384K, 0% used [0x0000000776580000,0x0000000776580000,0x0000000777580000)
 ParOldGen       total 190464K, used 22380K [0x00000006c0800000, 0x00000006cc200000, 0x000000076ad80000)
  object space 190464K, 11% used [0x00000006c0800000,0x00000006c1ddb118,0x00000006cc200000)
 Metaspace       used 42256K, capacity 42738K, committed 43008K, reserved 1087488K
  class space    used 5212K, capacity 5326K, committed 5376K, reserved 1048576K
}

