# JRE version: Java(TM) SE Runtime Environment (8.0_60-b27) (build 1.8.0_60-b27)
# Java VM: Java HotSpot(TM) 64-Bit Server VM (25.60-b23 mixed mode windows-amd64 compressed oops)
Heap:
 PSYoungGen      total 163328K, used 65176K [0x00000000d5f00000, 0x00000000e3b00000, 0x0000000100000000)
  eden space 150528K, 43% used [0x00000000d5f00000,0x00000000d9ea6180,0x00000000df200000)
  from space 12800K, 0% used [0x00000000e0180000,0x00000000e0180000,0x00000000e0e00000)
  to   space 15872K, 0% used [0x00000000df200000,0x00000000df200000,0x00000000e0180000)
 ParOldGen       total 105472K, used 25352K [0x0000000081c00000, 0x0000000088300000, 0x00000000d5f00000)
  object space 105472K, 24% used [0x0000000081c00000,0x00000000834c20b0,0x0000000088300000)
 Metaspace       used 38336K, capacity 38710K, committed 39208K, reserved 1083392K
  class space    used 4773K, capacity 4886K, committed 4904K, reserved 1048576K
GC Heap History (10 events):
Event: 6.299 GC heap before
{Heap before GC invocations=6 (full 1):
 PSYoungGen      total 71680K, used 5113K [0x00000000d5f00000, 0x00000000df500000, 0x0000000100000000)
  eden space 66560K, 0% used [0x00000000d5f00000,0x00000000d5f00000,0x00000000da000000)
  from space 5120K, 99% used [0x00000000da000000,0x00000000da4fe620,0x00000000da500000)
  to   space 10240K, 0% used [0x00000000deb00000,0x00000000deb00000,0x00000000df500000)
 ParOldGen       total 87552K, used 15733K [0x0000000081c00000, 0x0000000087180000, 0x00000000d5f00000)
  object space 87552K, 17% used [0x0000000081c00000,0x0000000082b5d588,0x0000000087180000)
 Metaspace       used 20852K, capacity 21158K, committed 21296K, reserved 1069056K
  class space    used 2610K, capacity 2662K, committed 2688K, reserved 1048576K
Event: 6.388 GC heap after
Heap after GC invocations=6 (full 1):
 PSYoungGen      total 71680K, used 0K [0x00000000d5f00000, 0x00000000df500000, 0x0000000100000000)
  eden space 66560K, 0% used [0x00000000d5f00000,0x00000000d5f00000,0x00000000da000000)
  from space 5120K, 0% used [0x00000000da000000,0x00000000da000000,0x00000000da500000)
  to   space 10240K, 0% used [0x00000000deb00000,0x00000000deb00000,0x00000000df500000)
 ParOldGen       total 64512K, used 11559K [0x0000000081c00000, 0x0000000085b00000, 0x00000000d5f00000)
  object space 64512K, 17% used [0x0000000081c00000,0x0000000082749f58,0x0000000085b00000)
 Metaspace       used 20852K, capacity 21158K, committed 21296K, reserved 1069056K
  class space    used 2610K, capacity 2662K, committed 2688K, reserved 1048576K
}
Event: 9.102 GC heap before
{Heap before GC invocations=7 (full 1):
 PSYoungGen      total 71680K, used 66560K [0x00000000d5f00000, 0x00000000df500000, 0x0000000100000000)
  eden space 66560K, 100% used [0x00000000d5f00000,0x00000000da000000,0x00000000da000000)
  from space 5120K, 0% used [0x00000000da000000,0x00000000da000000,0x00000000da500000)
  to   space 10240K, 0% used [0x00000000deb00000,0x00000000deb00000,0x00000000df500000)
 ParOldGen       total 64512K, used 11559K [0x0000000081c00000, 0x0000000085b00000, 0x00000000d5f00000)
  object space 64512K, 17% used [0x0000000081c00000,0x0000000082749f58,0x0000000085b00000)
 Metaspace       used 25396K, capacity 25700K, committed 25856K, reserved 1071104K
  class space    used 3206K, capacity 3275K, committed 3328K, reserved 1048576K
Event: 9.117 GC heap after
Heap after GC invocations=7 (full 1):
 PSYoungGen      total 109056K, used 6984K [0x00000000d5f00000, 0x00000000df200000, 0x0000000100000000)
  eden space 101888K, 0% used [0x00000000d5f00000,0x00000000d5f00000,0x00000000dc280000)
  from space 7168K, 97% used [0x00000000deb00000,0x00000000df1d2020,0x00000000df200000)
  to   space 10240K, 0% used [0x00000000dde00000,0x00000000dde00000,0x00000000de800000)
 ParOldGen       total 64512K, used 11567K [0x0000000081c00000, 0x0000000085b00000, 0x00000000d5f00000)
  object space 64512K, 17% used [0x0000000081c00000,0x000000008274bf58,0x0000000085b00000)
 Metaspace       used 25396K, capacity 25700K, committed 25856K, reserved 1071104K
  class space    used 3206K, capacity 3275K, committed 3328K, reserved 1048576K
}
Event: 12.007 GC heap before
{Heap before GC invocations=8 (full 1):
 PSYoungGen      total 109056K, used 108872K [0x00000000d5f00000, 0x00000000df200000, 0x0000000100000000)
  eden space 101888K, 100% used [0x00000000d5f00000,0x00000000dc280000,0x00000000dc280000)
  from space 7168K, 97% used [0x00000000deb00000,0x00000000df1d2020,0x00000000df200000)
  to   space 10240K, 0% used [0x00000000dde00000,0x00000000dde00000,0x00000000de800000)
 ParOldGen       total 64512K, used 11567K [0x0000000081c00000, 0x0000000085b00000, 0x00000000d5f00000)
  object space 64512K, 17% used [0x0000000081c00000,0x000000008274bf58,0x0000000085b00000)
 Metaspace       used 30511K, capacity 30804K, committed 31104K, reserved 1077248K
  class space    used 3847K, capacity 3923K, committed 3968K, reserved 1048576K
Event: 12.036 GC heap after
Heap after GC invocations=8 (full 1):
 PSYoungGen      total 140288K, used 10229K [0x00000000d5f00000, 0x00000000e0e00000, 0x0000000100000000)
  eden space 130048K, 0% used [0x00000000d5f00000,0x00000000d5f00000,0x00000000dde00000)
  from space 10240K, 99% used [0x00000000dde00000,0x00000000de7fd6f8,0x00000000de800000)
  to   space 12800K, 0% used [0x00000000e0180000,0x00000000e0180000,0x00000000e0e00000)
 ParOldGen       total 64512K, used 14372K [0x0000000081c00000, 0x0000000085b00000, 0x00000000d5f00000)
  object space 64512K, 22% used [0x0000000081c00000,0x0000000082a09018,0x0000000085b00000)
 Metaspace       used 30511K, capacity 30804K, committed 31104K, reserved 1077248K
  class space    used 3847K, capacity 3923K, committed 3968K, reserved 1048576K
}
Event: 15.263 GC heap before
{Heap before GC invocations=9 (full 1):
 PSYoungGen      total 140288K, used 115937K [0x00000000d5f00000, 0x00000000e0e00000, 0x0000000100000000)
  eden space 130048K, 81% used [0x00000000d5f00000,0x00000000dc63ae58,0x00000000dde00000)
  from space 10240K, 99% used [0x00000000dde00000,0x00000000de7fd6f8,0x00000000de800000)
  to   space 12800K, 0% used [0x00000000e0180000,0x00000000e0180000,0x00000000e0e00000)
 ParOldGen       total 64512K, used 14372K [0x0000000081c00000, 0x0000000085b00000, 0x00000000d5f00000)
  object space 64512K, 22% used [0x0000000081c00000,0x0000000082a09018,0x0000000085b00000)
 Metaspace       used 34922K, capacity 35272K, committed 35496K, reserved 1081344K
  class space    used 4412K, capacity 4491K, committed 4520K, reserved 1048576K
Event: 15.296 GC heap after
Heap after GC invocations=9 (full 1):
 PSYoungGen      total 163328K, used 12768K [0x00000000d5f00000, 0x00000000e3b00000, 0x0000000100000000)
  eden space 150528K, 0% used [0x00000000d5f00000,0x00000000d5f00000,0x00000000df200000)
  from space 12800K, 99% used [0x00000000e0180000,0x00000000e0df8050,0x00000000e0e00000)
  to   space 15872K, 0% used [0x00000000df200000,0x00000000df200000,0x00000000e0180000)
 ParOldGen       total 64512K, used 18486K [0x0000000081c00000, 0x0000000085b00000, 0x00000000d5f00000)
  object space 64512K, 28% used [0x0000000081c00000,0x0000000082e0d8e8,0x0000000085b00000)
 Metaspace       used 34922K, capacity 35272K, committed 35496K, reserved 1081344K
  class space    used 4412K, capacity 4491K, committed 4520K, reserved 1048576K
}
Event: 15.297 GC heap before
{Heap before GC invocations=10 (full 2):
 PSYoungGen      total 163328K, used 12768K [0x00000000d5f00000, 0x00000000e3b00000, 0x0000000100000000)
  eden space 150528K, 0% used [0x00000000d5f00000,0x00000000d5f00000,0x00000000df200000)
  from space 12800K, 99% used [0x00000000e0180000,0x00000000e0df8050,0x00000000e0e00000)
  to   space 15872K, 0% used [0x00000000df200000,0x00000000df200000,0x00000000e0180000)
 ParOldGen       total 64512K, used 18486K [0x0000000081c00000, 0x0000000085b00000, 0x00000000d5f00000)
  object space 64512K, 28% used [0x0000000081c00000,0x0000000082e0d8e8,0x0000000085b00000)
 Metaspace       used 34922K, capacity 35272K, committed 35496K, reserved 1081344K
  class space    used 4412K, capacity 4491K, committed 4520K, reserved 1048576K
Event: 15.470 GC heap after
Heap after GC invocations=10 (full 2):
 PSYoungGen      total 163328K, used 0K [0x00000000d5f00000, 0x00000000e3b00000, 0x0000000100000000)
  eden space 150528K, 0% used [0x00000000d5f00000,0x00000000d5f00000,0x00000000df200000)
  from space 12800K, 0% used [0x00000000e0180000,0x00000000e0180000,0x00000000e0e00000)
  to   space 15872K, 0% used [0x00000000df200000,0x00000000df200000,0x00000000e0180000)
 ParOldGen       total 105472K, used 25352K [0x0000000081c00000, 0x0000000088300000, 0x00000000d5f00000)
  object space 105472K, 24% used [0x0000000081c00000,0x00000000834c20b0,0x0000000088300000)
 Metaspace       used 34922K, capacity 35272K, committed 35496K, reserved 1081344K
  class space    used 4412K, capacity 4491K, committed 4520K, reserved 1048576K
}

